c:\rackafx_projects\hellovolume\rafx2 winbuild\build\vc143.pdb
c:\rackafx_projects\hellovolume\rafx2 winbuild\build\vstgui_uidescription_win32.obj
c:\rackafx_projects\hellovolume\rafx2 winbuild\build\vstgui_win32.obj
c:\rackafx_projects\hellovolume\rafx2 winbuild\build\customcontrols.obj
c:\rackafx_projects\hellovolume\rafx2 winbuild\build\customviews.obj
c:\rackafx_projects\hellovolume\rafx2 winbuild\build\pluginbase.obj
c:\rackafx_projects\hellovolume\rafx2 winbuild\build\plugincore.obj
c:\rackafx_projects\hellovolume\rafx2 winbuild\build\plugingui.obj
c:\rackafx_projects\hellovolume\rafx2 winbuild\build\pluginparameter.obj
c:\rackafx_projects\hellovolume\rafx2 winbuild\build\fxobjects.obj
c:\rackafx_projects\hellovolume\rafx2 winbuild\build\rackafxdll.obj
c:\rackafx_projects\hellovolume\rafx2 winbuild\build\rafx2plugin.obj
c:\rackafx_projects\hellovolume\rafx2 winbuild\build\rafx2pluginbase.obj
c:\rackafx_projects\hellovolume\rafx2 winbuild\build\hellovolume.lib
c:\rackafx_projects\hellovolume\rafx2 winbuild\build\hellovolume.exp
c:\rackafx_projects\hellovolume\rafx2 winbuild\build\hellovolume.pdb
c:\rackafx_projects\hellovolume\rafx2 winbuild\build\pluginguimain.res
c:\rackafx_projects\hellovolume\rafx2 winbuild\build\vc143.idb
c:\users\wisjhn\appdata\roaming\rackafx 7.0\plugins\hellovolume.rafx2\contents\winos\hellovolume.rafx2
c:\rackafx_projects\hellovolume\rafx2 winbuild\\build\hellovolume.vcxproj.filelistabsolute.txt
c:\rackafx_projects\hellovolume\rafx2 winbuild\build\hellovolume.tlog\cl.command.1.tlog
c:\rackafx_projects\hellovolume\rafx2 winbuild\build\hellovolume.tlog\cl.read.1.tlog
c:\rackafx_projects\hellovolume\rafx2 winbuild\build\hellovolume.tlog\cl.write.1.tlog
c:\rackafx_projects\hellovolume\rafx2 winbuild\build\hellovolume.tlog\hellovolume.write.1u.tlog
c:\rackafx_projects\hellovolume\rafx2 winbuild\build\hellovolume.tlog\link.command.1.tlog
c:\rackafx_projects\hellovolume\rafx2 winbuild\build\hellovolume.tlog\link.read.1.tlog
c:\rackafx_projects\hellovolume\rafx2 winbuild\build\hellovolume.tlog\link.write.1.tlog
c:\rackafx_projects\hellovolume\rafx2 winbuild\build\hellovolume.tlog\rc.command.1.tlog
c:\rackafx_projects\hellovolume\rafx2 winbuild\build\hellovolume.tlog\rc.read.1.tlog
c:\rackafx_projects\hellovolume\rafx2 winbuild\build\hellovolume.tlog\rc.write.1.tlog
